Below is a list of files excluded from this archive. These may be
auto-generated files, which will never be included. If these are recently
written files, the content may have been unavailable at the time the archive
was created. Recently written files will generally be included when the next
archive is generated.

css/css_34c1yTgzNh2G6fi8jduF9BegoO9dPmzTXEkHsh_yBJ8.css.gz: Generated files are not included
css/css_fuuERZUc8ehajHXt5lkyl8GuUtbwSmsYCuulZdyw3Hk.css.gz: Generated files are not included
js/js_NtfFTDbXVA1tOO5RTYUGKDmN-AIxs4Jt5CG95H0WmKU.js.gz: Generated files are not included
js/js_ziRUp2Ebim8Y66hRvasYZnq8GmJA2DERdt7uEXElt0Y.js: Generated files are not included
styles/media_library/public/2025-05/imgbin_66b017a96c6e297584d97c4f497b2cc2 1.jpg.webp: Generated files are not included
css/css_Wn30lsdO94FMT_vCSD3FxU0KoMNMlTYodwEyr9mIOqw.css: Generated files are not included
js/js_VeMXfpEs0EZhpgtdtA3VMobtKNIsIMDXadeM73aZc40.js: Generated files are not included
js/js_XhYRaDmz6F8KeNMGtXkIIdV3a0EhUDyzfLt4yy2Ddkg.js: Generated files are not included
css/css_6gs1mAq1JykrFf7B11F4wTubpw47Lu_cJGco67vI6EE.css.gz: Generated files are not included
js/js_UywhRa2-FQ0hyMRcpen4QXXQ0ypzTv7zU_kdq9JBFEY.js.gz: Generated files are not included
styles/media_library/public/2025-05/Capture3.PNG.webp: Generated files are not included
css/css_YpW_qaoeJCicqZ3AtweTI0e3b1GUUg_7plikmTLmTng.css: Generated files are not included
css/css_6Qc694LFuj1uKVuIWb17_QOWrn0RpN6TNpN0ntFy5kk.css.gz: Generated files are not included
css/css_9RTmlPN6736caJ23SlFunkjEVZG7VWcI7QzjR3c60Mc.css: Generated files are not included
css/css_HD5bXH-oWy61RP5zGPT4XFiQ5Cq5gapYiB2BVuPhCU4.css: Generated files are not included
css/css_dg0jdxhTbKz7GL03tx069XWPHss94MHcXuAe2CHj3OM.css: Generated files are not included
css/css_wFMEC2RFrGeySulr_NTLzdGTwFVmZpXjGr9km9Af7Iw.css.gz: Generated files are not included
styles/large/public/2025-05/imgbin_0fa4253991eb304851f93a2557e9e4c9 1.jpg.webp: Generated files are not included
styles/large/public/2025-05/imgbin_78c8a0795d6799e39e43a3dae44ad711 1.jpg.webp: Generated files are not included
css/css_mK3tDq4I4WjNI6NHXwexPV1I5E0jAaecA3Vq-v-Ws_g.css.gz: Generated files are not included
js/js_TH8ObqcWYlkzlzv8Eiiv76mF4P1fYb73RxaztEtyPvg.js.gz: Generated files are not included
js/js_MGt6Bw6uolzbsCnEtD5a1flozXGLPQ6OE86Ck5WNNKU.js.gz: Generated files are not included
js/js_PaGIgt6yKmQsN41dTaC3lQa4A2_Riq2CF6nAUF1N3Qk.js: Generated files are not included
js/js_RBQVepXJbPL5PBo8FhGL1yE825QqsrHHIgUjb0LATW0.js.gz: Generated files are not included
js/js_VeMXfpEs0EZhpgtdtA3VMobtKNIsIMDXadeM73aZc40.js.gz: Generated files are not included
js/js_asR5qwCdEzxQnIilucDhPZKEAhpnZ6AHmfJ2-gnsfZw.js: Generated files are not included
js/js_qyU7FBpWB88R_pzVl1u75IOC5APWXiNuuwqz63_HReA.js.gz: Generated files are not included
css/css_tLcBM9-NLw-DOAkDi_Dhdy4tr9R5iJ_0a7wedcHURhg.css: Generated files are not included
js/js_m7ws1jVI2q0kQfbNjs8OIT-0f12xXRpcghWoFtvG-1k.js: Generated files are not included
css/css_s-gHJMWB9GivyAKFBxk58z8v5T9UTmIjGM4IFknRwg0.css: Generated files are not included
js/js_wdkS6Y1WoNIX9OOtKLES2BcAe7jY0Yiv3SZQ5i4mD84.js: Generated files are not included
styles/large/public/2025-05/imgbin_c398d494ad4c94803b435f40e08418f1 1.jpg.webp: Generated files are not included
css/css_XAt44qr0nVj-8fVdjE30B1Yq2fMTJ7awWBFpKPfX_n4.css.gz: Generated files are not included
js/js_1hqW_VGltQbCOVZQG0nboyRL5T5niIR_zZT8nMpov3I.js.gz: Generated files are not included
js/js_4WkbNc6PyhOO6KPUPv-_QG7mpqqf66EAE4eAwkpAbcM.js: Generated files are not included
js/js_wZj_Ob8IGcIlmfZWBVAwX0pGXOHvgos2R6OrC0vZnsQ.js: Generated files are not included
.htaccess: Generated files are not included
css/css_YPLXjvTiKmj2WPfYka8Ph_PBMmGBCqPMmu_lS5COKIc.css: Generated files are not included
css/css_p5DggWu-xlwGs_GQlfrGpxqq2z_lyf4AxmQT8hSoLyI.css: Generated files are not included
js/js_JsGLWCE4fymIIyMbOkOJVQ3g3V5YoNDL78034UKpGcc.js.gz: Generated files are not included
css/css_iz9G9sdgNaWmEeJpkv8GC5hi6mGKpEvRjyl9mLmVuO0.css.gz: Generated files are not included
js/js_DqLvn2nxd3RQ6o-t0WTtxEohUGXojsgOaj6-BCDy-E0.js: Generated files are not included
js/js_cZz4CMuDSKzSumFvxj_anKWf1Pc8s5dS74scdHKUb4o.js: Generated files are not included
js/js_o6ofaY5hrnjDPBb4Ihj1hXXW7e7uPV8M3ijEfBk8ujo.js.gz: Generated files are not included
js/js_vaWxly96OTKAgFjbq1RQ0rw9JmioGydyfNewkftkWSs.js: Generated files are not included
js/js_xBuno1kkX2nW-JFxaSMnf5l98q0KzeDYAWCF4GCkqyc.js: Generated files are not included
styles/medium/public/2025-05/imgbin_c398d494ad4c94803b435f40e08418f1 1.jpg.webp: Generated files are not included
css/css_FprA1MZd5Pi9b8mBDYMkdelFbr3-LTm92vQKuIDX9aY.css.gz: Generated files are not included
css/css_vM46JrGQxSQ4vQ6rh-pnuJ7LmZ4PMjkO-dSQWy2m05k.css: Generated files are not included
js/js_T1YaV6iUKTGl1T0asOrBN0myWjm0iudjY9Ke-4nbID4.js.gz: Generated files are not included
css/css_07whOz9Qo4XNiBSwnt-cs8QrWY8Q5GPrVpTc2slosp0.css: Generated files are not included
css/css_GfwN67wWkb4PjQUMf6JEzORSXkmkXpX6oYBDOnjcmgs.css: Generated files are not included
css/css_h2hA4TFhV2R_DaLEC3LAD9woyaEI3AU09dJubB_fG2E.css: Generated files are not included
css/css_ne_vBXJsfZtSsI05qHKYFx37o5VR_a9c2U-qBjmf8GI.css.gz: Generated files are not included
js/js_IXrkQl14EN40b_lHZplPSoMzVjoudjSywLdCtMwrQ7w.js.gz: Generated files are not included
styles/large/public/2025-05/Capture3.PNG.webp: Generated files are not included
css/css_2mZer59q94jtDvptu-M7p6jR-Mh5jvz-5whM0YazbF4.css: Generated files are not included
css/css_5CEPyAZGkvtO1TshYMAiH20G99sxd1-rQ3n7_nylHRg.css.gz: Generated files are not included
css/css_SGjxb_XIv-rHGhK3KGiEkGu56dOdDgunknau0mrsq3c.css.gz: Generated files are not included
js/js_G5fN_ktLjfZaHFQDrxbkc8M9h4zfplMrU5tDXUvz4nY.js: Generated files are not included
js/js_Q-YfQ0YVFWB-CPJ9EigpY4WUacUI1VD0ng9rxqrdxOQ.js: Generated files are not included
js/js_kngsXygBdKvabZNdn0fe3XaKOXcZco0-Vupi9-4kFvE.js.gz: Generated files are not included
css/css_qKIoTzmB5jsoFIQ2vLtYmFZW1D1XZq1vrwAW31px608.css: Generated files are not included
css/css_wFMEC2RFrGeySulr_NTLzdGTwFVmZpXjGr9km9Af7Iw.css: Generated files are not included
css/css_wxVfABsBWE18jWbwyQ_37M_-ezGUEM2SL2t2rxnSKCY.css.gz: Generated files are not included
js/js_1YTYNIVp7X2aGFXiwK6aTZeD08g63jwENWAxxYKZdck.js: Generated files are not included
css/css_YN9gPf1X8l9ZflQ0h3H2L5_XLdvn5yNEVB6u9n_g8Hc.css: Generated files are not included
css/css_MHJhhPVps_gHE-IYpcoSHupRP23nbwyzPdCUxEBZKxE.css: Generated files are not included
css/css_mUQv-yX6LFYzv_gwWinuu7Wmg_O3rK2dIX35zjIvVVc.css.gz: Generated files are not included
js/js_yHsEHVT-9l5Z7m077S3rbp_XQRxll_FvTSGeEtfW-bQ.js: Generated files are not included
styles/thumbnail/public/2025-05/Rectangle 23820.jpg.webp: Generated files are not included
css/css_cmTjKZ-uGnM7ybiol58fvrApjOUhCStQawnFlET1tLs.css.gz: Generated files are not included
js/js_3Tb7cBrldpTypaDFhjmO2iejjwQ3rHtbzw7dnuPSnFw.js: Generated files are not included
css/css_N6mKUDCj9AP1kVXAREMK4jkj68mNvgG69rFGOxi0O0U.css.gz: Generated files are not included
js/js_Ev3yiuaCWFrKNX648VL8hBd24oJaQHK5Kydj-RQdBNw.js.gz: Generated files are not included
css/css_GB62BD_2dREGb6qGTRcAYX00dIkOPcMgEc4r1mcu2GE.css: Generated files are not included
js/js_9rFIVmhXB5J9bO8B7AVtTYV8uMaQsqIacyETY8p8FdY.js.gz: Generated files are not included
js/js_wZj_Ob8IGcIlmfZWBVAwX0pGXOHvgos2R6OrC0vZnsQ.js.gz: Generated files are not included
styles/media_library/public/2025-05/imgbin_0fa4253991eb304851f93a2557e9e4c9 1.jpg.webp: Generated files are not included
js/js_QgM_riUsFiufk7pmpaPMIE83lye-oRsSDGYCMyLSVvI.js.gz: Generated files are not included
css/css_6gs1mAq1JykrFf7B11F4wTubpw47Lu_cJGco67vI6EE.css: Generated files are not included
js/js_Tnc6m7XYHvSaWwb6OyRWny7t_emPILZfL_8J4S1_830.js: Generated files are not included
js/js_MtWIqKKIzJunjbIlMq4WUw-7IDfqNyF3r-7dFVe3QcE.js: Generated files are not included
styles/medium/public/2025-05/Rectangle 23820.jpg.webp: Generated files are not included
css/css_FprA1MZd5Pi9b8mBDYMkdelFbr3-LTm92vQKuIDX9aY.css: Generated files are not included
js/js_9rFIVmhXB5J9bO8B7AVtTYV8uMaQsqIacyETY8p8FdY.js: Generated files are not included
js/js_KzqbJsNshXy4qehpd_cpcXaljMT0G3a2tFgArwLcWVE.js: Generated files are not included
js/js_IXrkQl14EN40b_lHZplPSoMzVjoudjSywLdCtMwrQ7w.js: Generated files are not included
css/css_9b8O84qvSGks_6yZmT7XXhJkUdt7DNuoOxW8Hit3bO0.css.gz: Generated files are not included
css/css_wxVfABsBWE18jWbwyQ_37M_-ezGUEM2SL2t2rxnSKCY.css: Generated files are not included
js/js_B4jQctMEsxmsxFDU1m_-rZpXr2asUj1GysRbfVJu4lM.js: Generated files are not included
js/js_JsGLWCE4fymIIyMbOkOJVQ3g3V5YoNDL78034UKpGcc.js: Generated files are not included
js/js_hubLoFOhbVooepw1kpk0Qkar1EVt9Eft3jF-3Ed4KtQ.js.gz: Generated files are not included
css/css_0Xv0TWGxPKN_bPpdE-GgMqWbuwyC4f0eia6WQKgl7Ag.css.gz: Generated files are not included
js/js_C_qXYTqg1qjao4j_LqzBDK_xPNX_v5RJZ-QuysIsIj8.js.gz: Generated files are not included
js/js_tASnVCWit9x_Q2CEADfz7li6NlA9z9JXHqpKRp-L3U4.js.gz: Generated files are not included
css/css_3vUkToxKm3ueNbOIEbhB1mjFPOyO1P5bE2fElAQs_0w.css: Generated files are not included
js/js_9Y5l2kDKHK1wXo3765nenulWEnGL7MeWwv1j0npVAaw.js: Generated files are not included
styles/media_library/public/2025-05/Rectangle 23820 (1).jpg.webp: Generated files are not included
css/css_2mZer59q94jtDvptu-M7p6jR-Mh5jvz-5whM0YazbF4.css.gz: Generated files are not included
css/css_hRpR3EbDxI16Z1Oie73q6rEs-JJKxxxt4LFL8HcebCM.css: Generated files are not included
css/css_9OTQE6V2G3ar-VHrFYl2SLGoDw1bYXYlcadM3OnoUbE.css: Generated files are not included
css/css_N23f4LgEVJ70SAvvQwLNZWJQblSZJgkah-qaeON44aA.css.gz: Generated files are not included
css/css_rgku3qjm0Oa3OZhgHOY8M5R12wzC1wG9_fPTtbSGca8.css.gz: Generated files are not included
css/css_xVbvZBOSgPmswGDmpnRqC2PCtbE06L2UBv7Ykogc2wA.css.gz: Generated files are not included
css/css_h2hA4TFhV2R_DaLEC3LAD9woyaEI3AU09dJubB_fG2E.css.gz: Generated files are not included
css/css_3rkEKSzSsxkmKy-LPAMVvBvXK0cNSJ7tj7s-vfe68KY.css: Generated files are not included
css/css_DUJWrb3uXcdxPVLzozOFK9TPXB8fw3UMWn79Yv4jWBc.css: Generated files are not included
css/css_RXqfAdi-GaAiwVjwXWXd0-J02ZZBOqQsHm0P2yVyuPk.css.gz: Generated files are not included
css/css_bvV_w56XO-nQXGdVbHnLZtwfeAN2OYf8nLhgwGuO1E0.css.gz: Generated files are not included
js/js_1GHs_95o-l1ikqGxC2wEh6wqnaFPvXugiGaBTDc87hg.js: Generated files are not included
js/js_qyU7FBpWB88R_pzVl1u75IOC5APWXiNuuwqz63_HReA.js: Generated files are not included
js/js_yXZMzUe326K4vqRqMUCGqqQzv0S4LHnXkpyfCyMFTNQ.js: Generated files are not included
css/css_7VUYGUFhnnwhCkRwMliJqglUXmohJMmZ-pIVEt5BMHM.css: Generated files are not included
css/css_ai0XHAnmbRzgloZPg-ki8g7Uj6lgct3WSOnAZ8RC2Lw.css.gz: Generated files are not included
js/js_VWsAA8JI170xYviGXt-VINaoanc3vaIbAdAF7upMeJU.js.gz: Generated files are not included
js/js_yXZMzUe326K4vqRqMUCGqqQzv0S4LHnXkpyfCyMFTNQ.js.gz: Generated files are not included
js/js_Ar5VTLZFH2oEDT6_Z6eYvkCqGCukcCvHqpHO7Dt3Ubs.js: Generated files are not included
js/js_O9ajza-toa2Gmp_GUqBwrHNeTKd2A_3yyhJjekBpxSg.js.gz: Generated files are not included
css/css_qBE3jydBOJQygcqRpUgV3uCTuKrtDliF8tsgKEPmu8g.css: Generated files are not included
css/css_SGjxb_XIv-rHGhK3KGiEkGu56dOdDgunknau0mrsq3c.css: Generated files are not included
css/css_wH_ssVM_lxbje2ghddjDNAWje9L0vrg-EYDKSrzqA6E.css.gz: Generated files are not included
js/js_MtWIqKKIzJunjbIlMq4WUw-7IDfqNyF3r-7dFVe3QcE.js.gz: Generated files are not included
css/css_XNP9KLrhBUwWNTejdcnaE-G95rYOTcqMMK8ei_wOOmc.css.gz: Generated files are not included
css/css_oqDwrLSWRxpU9p0vxAjFAIv5L96q9t9Sulehf_HIB9Q.css: Generated files are not included
css/css_HflbDdaYV8rfdC0LcGy53XQeqYWfaM7JCdjatU7qMRk.css: Generated files are not included
styles/medium/public/2025-05/imgbin_78c8a0795d6799e39e43a3dae44ad711 1.jpg.webp: Generated files are not included
css/css_i3mh5nU139iKWziqmS5D0ge_B4cK9IZ0ju5_7RUqtsE.css.gz: Generated files are not included
css/css_3--9ug5B4wIO9NRVFeAYr_lBkeCulKb82_MddSN2XcI.css.gz: Generated files are not included
css/css_rdl2FGhZjenxz-F1-WYaEjs_LmbqC8PHtl5GTijalL4.css: Generated files are not included
js/js_faLHspqW-kbAvQtIOVhNdWI1nR36zyid-3Try2ooO2c.js: Generated files are not included
css/css_RYA-_v75CkAn8c4G0E7WYMc67PLNt1zSj6lieATnTBo.css.gz: Generated files are not included
css/css_2xBBGyGOz3iEV6m_VYPJ9aodygk4ZJVxjuqH3p9cC0g.css.gz: Generated files are not included
js/js_1hqW_VGltQbCOVZQG0nboyRL5T5niIR_zZT8nMpov3I.js: Generated files are not included
css/css_6Qc694LFuj1uKVuIWb17_QOWrn0RpN6TNpN0ntFy5kk.css: Generated files are not included
css/css_bbiyXn9kBsXYopJk5vxniELFTZzMqe4-dUY3J-AzNm8.css.gz: Generated files are not included
css/css_q1jeMq_2igggWuLqssEDJ8M438HTzeRwTwWcvyLO2tY.css: Generated files are not included
js/js_UmQdd-x2lYmgmOfkqHpkg7bhpjZysKjqb6j8Dmco5WY.js: Generated files are not included
js/js_e8DlNUedNdnigT6T_HaMJghvrdV-T0G6L7PC9ETMF9g.js.gz: Generated files are not included
styles/wide/public/2025-05/Group 1000004168.jpg.webp: Generated files are not included
css/css_eIurvB3LfdT6fZS53De_Pv1u5a5XGbfKJn_5d3gdKTU.css: Generated files are not included
js/js_fck4rPvnUAXbvnUHkNFtydD_VOsa_Y0kUbaukZyiKTQ.js: Generated files are not included
js/js_nihzIaTzxKP21gDofKo4T2mY4QEwVYEdTEFsptbqDrg.js.gz: Generated files are not included
css/css_xYUvb-hqV8LzbE_lFjkdLZFI7vjK42RGXvt6vpshmvk.css.gz: Generated files are not included
js/js_P1MLhZmEVeeYuyfRv5pmBjIRWxOjda3VE5ex31xijqs.js.gz: Generated files are not included
css/css_qeKNA-o9nZSCI-kEbD6mQlwvzxE5O5KcJRX7cp-clDw.css: Generated files are not included
css/css_GJ3fxFP3H8oK7b6dyHxYP7foGSBrMeVchP9GnKE54aY.css.gz: Generated files are not included
css/css_r1OnQ3xlS88zTyJ10WIKmtcXmmI8ibj4YWHXG_Y9aUo.css: Generated files are not included
js/js_n5p79hDf60qbaqeBl-qH2B74CIezF2MdLsorOwoaq8g.js.gz: Generated files are not included
styles/medium/public/2025-05/imgbin_bf15958b2578e8f2abaf86d73287098b 1.jpg.webp: Generated files are not included
js/js_K8gonYmICwxAS2sKKtPix7r9YT9dEfYKr0siUpy46Hw.js.gz: Generated files are not included
js/js_vaWxly96OTKAgFjbq1RQ0rw9JmioGydyfNewkftkWSs.js.gz: Generated files are not included
css/css_z4_GisKdA6t6yoBEeM6xjmzNl1IEEtMs79kgKYh5Ep0.css.gz: Generated files are not included
styles/large/public/2025-05/imgbin_66b017a96c6e297584d97c4f497b2cc2 1.jpg.webp: Generated files are not included
css/css_HflbDdaYV8rfdC0LcGy53XQeqYWfaM7JCdjatU7qMRk.css.gz: Generated files are not included
css/css_z4_GisKdA6t6yoBEeM6xjmzNl1IEEtMs79kgKYh5Ep0.css: Generated files are not included
css/css_wH_ssVM_lxbje2ghddjDNAWje9L0vrg-EYDKSrzqA6E.css: Generated files are not included
css/css_5ogeyAUqRN9815WkLr2UAUgoRht-md8Lg6pfQLu1sDo.css: Generated files are not included
css/css_N6mKUDCj9AP1kVXAREMK4jkj68mNvgG69rFGOxi0O0U.css: Generated files are not included
css/css_ONsnmXvIggpaSFaxWkjAhul6L6VdrBTN7YJ-YPXeP_0.css.gz: Generated files are not included
js/js_53e1T2WVnd_NlcPG5A7OI9M3NXjuQCH8w4sv4B4r9Pc.js.gz: Generated files are not included
js/js_N5KBE8fCNhbNVlQHrL2yE_ALLidWAntEM98E_6FkNrg.js.gz: Generated files are not included
js/js_LtEWPrFoX_za12nw5Cv-HAZ4eCkbvhT5OGT1zctLVAc.js.gz: Generated files are not included
css/css_LIgd8D-C5JJq8SQpqaa_C-LmuuaKnrbFhyjOpXUz9dk.css.gz: Generated files are not included
css/css_uu-boOQE7ZYmYwKxM_aqljeDncUu2mPwQ0J1HilfPW8.css: Generated files are not included
js/js_G5fN_ktLjfZaHFQDrxbkc8M9h4zfplMrU5tDXUvz4nY.js.gz: Generated files are not included
js/js_JTIGhN5w2IjdTLy0gE37VCrgs93Y0U6eOk-Ia77E_XI.js.gz: Generated files are not included
js/js_KWeFwTA-GU5uIZ_pXJpb0gCSx2LHBoZdgj70O5xTz9g.js.gz: Generated files are not included
js/js_nrIF3HtFvVlvFcpSsN7w0fC4ypxBHtxOewBZKkI6TTA.js: Generated files are not included
js/js_nrIF3HtFvVlvFcpSsN7w0fC4ypxBHtxOewBZKkI6TTA.js.gz: Generated files are not included
css/css_3vUkToxKm3ueNbOIEbhB1mjFPOyO1P5bE2fElAQs_0w.css.gz: Generated files are not included
css/css_mxZRRgnLYsmwFzwaEGyXTT-JRNtoPq8syLVIZLlNXVk.css: Generated files are not included
js/js_MYro_XF_X8Ou9zMPsXuPI4c9Qmikz3gd1k7Co81BMKE.js.gz: Generated files are not included
js/js_b72TAoMdNGt_iR4fXq6SdywMnLV10qkevgmHv3PMaIM.js.gz: Generated files are not included
styles/medium/public/2025-05/Rectangle 23820 (1).jpg.webp: Generated files are not included
css/css_bvV_w56XO-nQXGdVbHnLZtwfeAN2OYf8nLhgwGuO1E0.css: Generated files are not included
styles/medium/public/2025-05/unsplash_FtuJIuBbUhI.jpg.webp: Generated files are not included
css/css_9b8O84qvSGks_6yZmT7XXhJkUdt7DNuoOxW8Hit3bO0.css: Generated files are not included
css/css_ne_vBXJsfZtSsI05qHKYFx37o5VR_a9c2U-qBjmf8GI.css: Generated files are not included
css/css_vUdkOirms2Owq0dFyRtjaR2VSg9PVRYl90RWxAxxDrI.css: Generated files are not included
js/js_9Qefs7mgY9R-hjb1DLM2k74a9oGyJWGXFsnXryI6zsk.js.gz: Generated files are not included
js/js_K8gonYmICwxAS2sKKtPix7r9YT9dEfYKr0siUpy46Hw.js: Generated files are not included
css/css_HzdHkCT6mGc8ApcCT8M-g-nZRQbU_K6NEekg9IRvj5U.css.gz: Generated files are not included
css/css_a-kqtudoSIJ6Sm6P5mFb7_qMnDmfmmM-_Cm7qNQlbKY.css.gz: Generated files are not included
js/js_FzYSShYSx2_zl5NtXedYat3NimwykL54pbq876woyv8.js: Generated files are not included
css/css_QD3s26Q8FI4Fw-_UuixmqXuOGypKCw-Vi8O6wm2UXsE.css: Generated files are not included
css/css_fAe4xvdmLOkrCrZHsZMMDIY4-chPQ2Nm68V33vTzq9w.css: Generated files are not included
css/css_kCBUoSqOmMFPz9muJysTssfBBshA2pMeRYolIm3xx2s.css.gz: Generated files are not included
css/css_qeKNA-o9nZSCI-kEbD6mQlwvzxE5O5KcJRX7cp-clDw.css.gz: Generated files are not included
css/css_LMQS8mzgxKOCovkuKwEowZU5z08JjdLoCbD1D_xLayE.css.gz: Generated files are not included
js/js_dkxmUlsoDayM9QniiBPVGvSErDeGfDxCyFMvl6gFOpM.js.gz: Generated files are not included
js/js_wI4Q87y-hynZCmP7O6lbHp07X-DEmG8NL2wyfBsFrvs.js.gz: Generated files are not included
css/css_8Q3OWxhCTF9hK0gV85ydrmuV47e5gAMgddxryexQGgg.css.gz: Generated files are not included
js/js_UywhRa2-FQ0hyMRcpen4QXXQ0ypzTv7zU_kdq9JBFEY.js: Generated files are not included
js/js_X4V_KKx5tCMOZKiHT6URM2llflUyKYPvyWgm6BMc9iI.js: Generated files are not included
styles/medium/public/2025-05/imgbin_afed1fe8756a4683487f54b2aa8fe52d 1.jpg.webp: Generated files are not included
css/css_vUdkOirms2Owq0dFyRtjaR2VSg9PVRYl90RWxAxxDrI.css.gz: Generated files are not included
js/js_iSwHTDj32arqEeIx8dW0Xi5jeWd3FEHZpVPugTOGEc0.js.gz: Generated files are not included
styles/medium/public/2025-05/Group 1000004168_0.jpg.webp: Generated files are not included
css/css_J277HntTtz0Wl5aqG7c-bVMFUduh9XIHUveIEdY8j2Q.css: Generated files are not included
css/css_RXqfAdi-GaAiwVjwXWXd0-J02ZZBOqQsHm0P2yVyuPk.css: Generated files are not included
css/css_UQ08LiKCmxpPRe_REefACxdDg1guRrQantUufF5YpeM.css: Generated files are not included
js/js_WNywjlxpzH9WtPmapOr9DkhoVmwMwI0VBhWgj0hHlo8.js: Generated files are not included
css/css_HO7dWHFW3_7vt0P_hLbjyvkOyZmqutlnBqyF1cinVXg.css.gz: Generated files are not included
css/css_d3UfY8wyizgZvStdaaaBypRGF31JXW9ebTNgPBimLds.css.gz: Generated files are not included
css/css_fUUo-QX2mhI7xkQsOir68gDCpYueLbZ_7vd_FNSGRoI.css: Generated files are not included
js/js_N5KBE8fCNhbNVlQHrL2yE_ALLidWAntEM98E_6FkNrg.js: Generated files are not included
js/js_k4CcZEqVVp9jyxzqhd1IOMO-om4yzRvb37PGx2QZ1lI.js: Generated files are not included
css/css_GB62BD_2dREGb6qGTRcAYX00dIkOPcMgEc4r1mcu2GE.css.gz: Generated files are not included
css/css_H1GRi6-HrYW7zUKNH03U6peSjKBRbb--tszJzFIMWFk.css: Generated files are not included
css/css_yfKwZqdt0Ti76WmiKSpX3Fl7BIle6By0evy-Y1GeA1o.css.gz: Generated files are not included
js/js_J5N8zrT5noslKrEgtZvbaPU8hSXbq7sHcDEmuV0JZLU.js.gz: Generated files are not included
css/css_5ogeyAUqRN9815WkLr2UAUgoRht-md8Lg6pfQLu1sDo.css.gz: Generated files are not included
css/css_9RTmlPN6736caJ23SlFunkjEVZG7VWcI7QzjR3c60Mc.css.gz: Generated files are not included
css/css_Wn30lsdO94FMT_vCSD3FxU0KoMNMlTYodwEyr9mIOqw.css.gz: Generated files are not included
js/js_o6ofaY5hrnjDPBb4Ihj1hXXW7e7uPV8M3ijEfBk8ujo.js: Generated files are not included
css/css_LIgd8D-C5JJq8SQpqaa_C-LmuuaKnrbFhyjOpXUz9dk.css: Generated files are not included
js/js_ZhI1F05spiSJL79AtHKlSAUY4G8qXUCqgUe5F2BmCN0.js.gz: Generated files are not included
styles/media_library/public/2025-05/imgbin_c398d494ad4c94803b435f40e08418f1 1.jpg.webp: Generated files are not included
css/css_CGyCVdoQgOITsb6vkU8M-xQ9XqNcP2zvI0qliWZjZQg.css: Generated files are not included
css/css_zvgsimd6x9_UdRMzRgTJTfIk1vqaMsjjKYxOB-g5ZOY.css.gz: Generated files are not included
js/js_jhAhf9qiHLoFKq-Uo2CzFDZZmUlYyU4vpaEBcyVujro.js: Generated files are not included
css/css_qWEStt3lbNKLMcu1oKxzr_vYpXqfmRkWuG4wJuLKDVE.css.gz: Generated files are not included
js/js_O9ajza-toa2Gmp_GUqBwrHNeTKd2A_3yyhJjekBpxSg.js: Generated files are not included
js/js_LOOCMj3101HGCR44cVfYNcy6pYHDzH6aAmYzhyLSgjc.js.gz: Generated files are not included
css/css_uhs0TpoQ2JXRa-1eL8DOEYyrqbaGpdGzw5Zksnwsf18.css: Generated files are not included
css/css_xYUvb-hqV8LzbE_lFjkdLZFI7vjK42RGXvt6vpshmvk.css: Generated files are not included
css/css_5CEPyAZGkvtO1TshYMAiH20G99sxd1-rQ3n7_nylHRg.css: Generated files are not included
css/css_HO7dWHFW3_7vt0P_hLbjyvkOyZmqutlnBqyF1cinVXg.css: Generated files are not included
css/css_MHJhhPVps_gHE-IYpcoSHupRP23nbwyzPdCUxEBZKxE.css.gz: Generated files are not included
styles/media_library/public/2025-05/Rectangle 23820.jpg.webp: Generated files are not included
css/css_ABhse9frydFW4Cp1IL_kw9Ts71e1AI1j5kldn8y2NHI.css: Generated files are not included
js/js_D9rNc2Pn-aTgSPyqA7bKE9Rlg4fgtxUr4qybAsDdGRM.js.gz: Generated files are not included
js/js_nihzIaTzxKP21gDofKo4T2mY4QEwVYEdTEFsptbqDrg.js: Generated files are not included
css/css_N93RQyxInnJaVmVzIHIEcJsC19uzY9EPvWR-4Enj3bo.css: Generated files are not included
css/css_Wv9grZNerW238YeahraLdE5i6gL9xynUephb4aerGfA.css: Generated files are not included
css/css_q1jeMq_2igggWuLqssEDJ8M438HTzeRwTwWcvyLO2tY.css.gz: Generated files are not included
css/css_qBE3jydBOJQygcqRpUgV3uCTuKrtDliF8tsgKEPmu8g.css.gz: Generated files are not included
css/css_yzfAZLjeZKifltbfokysD6h93gp4UFEi6T7nXtSbTBY.css.gz: Generated files are not included
js/js_LOOCMj3101HGCR44cVfYNcy6pYHDzH6aAmYzhyLSgjc.js: Generated files are not included
css/css_3rkEKSzSsxkmKy-LPAMVvBvXK0cNSJ7tj7s-vfe68KY.css.gz: Generated files are not included
css/css_NryO5HedTn7PDV5_BMSFOpbSqWf4yGblVcSRLlqa82w.css: Generated files are not included
css/css_9OTQE6V2G3ar-VHrFYl2SLGoDw1bYXYlcadM3OnoUbE.css.gz: Generated files are not included
js/js_k4CcZEqVVp9jyxzqhd1IOMO-om4yzRvb37PGx2QZ1lI.js.gz: Generated files are not included
css/css_CGQHLgqw0faWwwhLhj0cwjqfR84BFjCCBhnHLS3BVcM.css: Generated files are not included
css/css_ZJf3Q2qa--r8jgmRo3-Hk7iWtM_Fs1Z7Lnchq2EZWak.css.gz: Generated files are not included
js/js_6Bow-Fj6xay10L5ZoZICL2LnolnXB5fHKS9WqlPneik.js.gz: Generated files are not included
js/js_asR5qwCdEzxQnIilucDhPZKEAhpnZ6AHmfJ2-gnsfZw.js.gz: Generated files are not included
css/css_Ea6DvYy1OZfZZby5L_aRon-apJOzYbhlUZfAYDU4Krk.css: Generated files are not included
css/css_mK3tDq4I4WjNI6NHXwexPV1I5E0jAaecA3Vq-v-Ws_g.css: Generated files are not included
css/css_4KLaCvtyIyWXkoY4VnQF6piye9prfaMEmLJyaKTqsd8.css.gz: Generated files are not included
css/css_DewSxV2tmdXrIb0WrjYxTTcIaAUPQ-X2jTddVYru8AQ.css.gz: Generated files are not included
css/css_bbiyXn9kBsXYopJk5vxniELFTZzMqe4-dUY3J-AzNm8.css: Generated files are not included
js/js_3Tb7cBrldpTypaDFhjmO2iejjwQ3rHtbzw7dnuPSnFw.js.gz: Generated files are not included
js/js_SEgxGql1oPB0AV3jkUaHhMlbJvdRAppHhKf8Yy7Kzvk.js: Generated files are not included
css/css_qKIoTzmB5jsoFIQ2vLtYmFZW1D1XZq1vrwAW31px608.css.gz: Generated files are not included
css/css_s-gHJMWB9GivyAKFBxk58z8v5T9UTmIjGM4IFknRwg0.css.gz: Generated files are not included
css/css_uhs0TpoQ2JXRa-1eL8DOEYyrqbaGpdGzw5Zksnwsf18.css.gz: Generated files are not included
js/js_FFnHGN7RX4Hl94j5teNZGHNVLJjAbRhIOb9nXbu6iRc.js: Generated files are not included
js/js_SFpKa5j2zOoOL5oXByjENr_XBDlGcBCnZ-XpDLQcvnI.js: Generated files are not included
js/js_VgDU_TWndV26QuXEq4_alVLcLmFsj0-hvQ-T5nmEEqI.js.gz: Generated files are not included
styles/thumbnail/public/2025-05/Group 1000004168_0.jpg.webp: Generated files are not included
css/css_rjDs0CyCTH8VCLRBzNKZv1rNwvfjHCYMp1onDTz0c2k.css: Generated files are not included
css/css_QNojn-SG3rzdM8Z4Dkg0dE1ey9yYSv2FnVaB5Cl48jA.css.gz: Generated files are not included
styles/media_library/public/2025-05/unsplash_FtuJIuBbUhI.jpg.webp: Generated files are not included
js/js_K7BUaGoH4KiXWJ41iV8hV54_uig2KHQmQOsLDBd2-Jw.js: Generated files are not included
styles/media_library/public/2025-05/Rectangle 23820 (2).jpg.webp: Generated files are not included
css/css_GfwN67wWkb4PjQUMf6JEzORSXkmkXpX6oYBDOnjcmgs.css.gz: Generated files are not included
css/css_i3mh5nU139iKWziqmS5D0ge_B4cK9IZ0ju5_7RUqtsE.css: Generated files are not included
js/js_C_9zsaErs1ykujqbH8ibQnePOCAOAGgnFUnxtFYk5nE.js: Generated files are not included
js/js_MYro_XF_X8Ou9zMPsXuPI4c9Qmikz3gd1k7Co81BMKE.js: Generated files are not included
js/js_dlLVweIdABCHG2BdsP7r_L1GIO7ZW1nH66wPi57FG6A.js: Generated files are not included
css/css_Rm9EbDRWK_maSFEf75UaQxMVWT9j6EKcwSeML-ZM3AE.css: Generated files are not included
js/js_EWNw6pjHsznf9319PpbxoZnxY0XENRybtwplAtheg4U.js.gz: Generated files are not included
js/js_VgDU_TWndV26QuXEq4_alVLcLmFsj0-hvQ-T5nmEEqI.js: Generated files are not included
css/css_yzfAZLjeZKifltbfokysD6h93gp4UFEi6T7nXtSbTBY.css: Generated files are not included
css/css_Wv9grZNerW238YeahraLdE5i6gL9xynUephb4aerGfA.css.gz: Generated files are not included
js/js_4WkbNc6PyhOO6KPUPv-_QG7mpqqf66EAE4eAwkpAbcM.js.gz: Generated files are not included
js/js_Z7EYN3iNM9hu7BcXTe4KfsprkxRJmJ64LHOycPF8x7s.js: Generated files are not included
js/js_kngsXygBdKvabZNdn0fe3XaKOXcZco0-Vupi9-4kFvE.js: Generated files are not included
css/css_0Xv0TWGxPKN_bPpdE-GgMqWbuwyC4f0eia6WQKgl7Ag.css: Generated files are not included
css/css_7VUYGUFhnnwhCkRwMliJqglUXmohJMmZ-pIVEt5BMHM.css.gz: Generated files are not included
styles/large/public/2025-05/Rectangle 23820.jpg.webp: Generated files are not included
js/js_C_qXYTqg1qjao4j_LqzBDK_xPNX_v5RJZ-QuysIsIj8.js: Generated files are not included
js/js_zaRLZstoXEKqU0yPtwQiXBt4XeG0FcQoO5VmG6ZEHq0.js: Generated files are not included
styles/media_library/public/2025-05/imgbin_afed1fe8756a4683487f54b2aa8fe52d 1.jpg.webp: Generated files are not included
js/js_NBHd8Xqjxyd9g1DZEF3wWnIQsiJ8NkgRqMzawxqipIY.js: Generated files are not included
css/css_Ea6DvYy1OZfZZby5L_aRon-apJOzYbhlUZfAYDU4Krk.css.gz: Generated files are not included
css/css_yfKwZqdt0Ti76WmiKSpX3Fl7BIle6By0evy-Y1GeA1o.css: Generated files are not included
js/js_CfOZsUijokOZa7QJrr2q6CVFI2sAyi5UQooXYH-5Yxs.js.gz: Generated files are not included
js/js_KWeFwTA-GU5uIZ_pXJpb0gCSx2LHBoZdgj70O5xTz9g.js: Generated files are not included
js/js_yk0z-wcp-tGWMvYzw-AIbjJpTRXv2qyjqf525MTA_XA.js: Generated files are not included
styles/large/public/2025-05/Rectangle 23820 (2).jpg.webp: Generated files are not included
css/css_WOyXTPqeCapQxZ9MUfTJOr3O5onn8PKi3AZWLwcp-tQ.css.gz: Generated files are not included
css/css_iz9G9sdgNaWmEeJpkv8GC5hi6mGKpEvRjyl9mLmVuO0.css: Generated files are not included
css/css_xxDOdwinyZbU5aWCmah4C6a5P-h3DT3wvd04o_DkNhc.css.gz: Generated files are not included
js/js_UmQdd-x2lYmgmOfkqHpkg7bhpjZysKjqb6j8Dmco5WY.js.gz: Generated files are not included
js/js_X4V_KKx5tCMOZKiHT6URM2llflUyKYPvyWgm6BMc9iI.js.gz: Generated files are not included
js/js_ZrAlgNSwpI-GvEmKIpMYGUj7Z8jPj99co0BAy2OPG3A.js.gz: Generated files are not included
styles/medium/public/2025-05/Capture3.PNG.webp: Generated files are not included
css/css_3--9ug5B4wIO9NRVFeAYr_lBkeCulKb82_MddSN2XcI.css: Generated files are not included
css/css_kCBUoSqOmMFPz9muJysTssfBBshA2pMeRYolIm3xx2s.css: Generated files are not included
js/js_naLS8SAMFk9XSdVG8Oybk701ZfwFyPertn_kyxhETuQ.js.gz: Generated files are not included
js/js_hubLoFOhbVooepw1kpk0Qkar1EVt9Eft3jF-3Ed4KtQ.js: Generated files are not included
css/css_hRpR3EbDxI16Z1Oie73q6rEs-JJKxxxt4LFL8HcebCM.css.gz: Generated files are not included
js/js_MGt6Bw6uolzbsCnEtD5a1flozXGLPQ6OE86Ck5WNNKU.js: Generated files are not included
js/js_1DPKwMo2NbUEhOMpXFrnUuq7M_R9bWLKFwTaxzzXYAY.js.gz: Generated files are not included
js/js_SEgxGql1oPB0AV3jkUaHhMlbJvdRAppHhKf8Yy7Kzvk.js.gz: Generated files are not included
js/js_YR7XGSifle7ZJhmbLpRHx82MBrIZh10kO5peGcexW-g.js.gz: Generated files are not included
js/js_dhM_r6-Af2fXqxfilXt9UpaHBMXz8lF8UebUTAtd49U.js.gz: Generated files are not included
js/js_l2KYxFdh9MddYcuiqLu_AgJnHp42cEi9gJTz9e2QO3s.js.gz: Generated files are not included
css/css_rOKa2-WsNWd1cZxYaX1ha9eK6oOXBcYIRYTD2ZFjkLQ.css: Generated files are not included
js/js_NtfFTDbXVA1tOO5RTYUGKDmN-AIxs4Jt5CG95H0WmKU.js: Generated files are not included
js/js_gWdhiWl44aNAIp5qgJQnLa7ErzotYHHBcQVeSPVQZOQ.js: Generated files are not included
css/css_5iPrjiIj9nd5xrdOAUaASIPTTJr4szn6Hsiulvc8sbc.css.gz: Generated files are not included
css/css_RYA-_v75CkAn8c4G0E7WYMc67PLNt1zSj6lieATnTBo.css: Generated files are not included
js/js_T1YaV6iUKTGl1T0asOrBN0myWjm0iudjY9Ke-4nbID4.js: Generated files are not included
css/css_3LVjbpFQqltnPApXGr1ZHJKyqMS12TwiAYAvUgLeQEc.css: Generated files are not included
js/js_1YTYNIVp7X2aGFXiwK6aTZeD08g63jwENWAxxYKZdck.js.gz: Generated files are not included
styles/media_library/public/2025-05/imgbin_78c8a0795d6799e39e43a3dae44ad711 1.jpg.webp: Generated files are not included
js/js_b72TAoMdNGt_iR4fXq6SdywMnLV10qkevgmHv3PMaIM.js: Generated files are not included
js/js_65mIiCJbGpOf5Nho3gUprnNBXceTY_4tx7WW_OkEguw.js: Generated files are not included
js/js_wI4Q87y-hynZCmP7O6lbHp07X-DEmG8NL2wyfBsFrvs.js: Generated files are not included
css/css_CSBgVbjDiGVgw4hQBceI7P32AhS62Tn6oldlHqPS8wc.css: Generated files are not included
css/css_fAe4xvdmLOkrCrZHsZMMDIY4-chPQ2Nm68V33vTzq9w.css.gz: Generated files are not included
js/js_D9rNc2Pn-aTgSPyqA7bKE9Rlg4fgtxUr4qybAsDdGRM.js: Generated files are not included
js/js_aDe_zP4XI-Y-1r5Nf7YzYQJ2q9b-MQkk1p1FA1eYSHc.js.gz: Generated files are not included
js/js_6Bow-Fj6xay10L5ZoZICL2LnolnXB5fHKS9WqlPneik.js: Generated files are not included
css/css_NryO5HedTn7PDV5_BMSFOpbSqWf4yGblVcSRLlqa82w.css.gz: Generated files are not included
css/css_gxInxW48QozkkNz-wpBLiPtCyehVSu7iohf5rWUsn20.css: Generated files are not included
css/css_HzdHkCT6mGc8ApcCT8M-g-nZRQbU_K6NEekg9IRvj5U.css: Generated files are not included
css/css_rdl2FGhZjenxz-F1-WYaEjs_LmbqC8PHtl5GTijalL4.css.gz: Generated files are not included
js/js_cZz4CMuDSKzSumFvxj_anKWf1Pc8s5dS74scdHKUb4o.js.gz: Generated files are not included
js/js_gWdhiWl44aNAIp5qgJQnLa7ErzotYHHBcQVeSPVQZOQ.js.gz: Generated files are not included
css/css_hp6IveAp0PLgiAoSWv9LucwQ2GocjkkVWOrUhk9aDfg.css.gz: Generated files are not included
css/css_ltcE4IdbqirjV7Za8_kYaMwejxW0xdzMrrFpZMnpte8.css: Generated files are not included
js/js_ug0wwKfOwna4QmABuuwHoHrx8DQ3nZhmO5p9THHB1iw.js.gz: Generated files are not included
js/js_PaGIgt6yKmQsN41dTaC3lQa4A2_Riq2CF6nAUF1N3Qk.js.gz: Generated files are not included
js/js_LtEWPrFoX_za12nw5Cv-HAZ4eCkbvhT5OGT1zctLVAc.js: Generated files are not included
css/css_2xBBGyGOz3iEV6m_VYPJ9aodygk4ZJVxjuqH3p9cC0g.css: Generated files are not included
css/css_dg0jdxhTbKz7GL03tx069XWPHss94MHcXuAe2CHj3OM.css.gz: Generated files are not included
js/js_ZrAlgNSwpI-GvEmKIpMYGUj7Z8jPj99co0BAy2OPG3A.js: Generated files are not included
css/css_QD3s26Q8FI4Fw-_UuixmqXuOGypKCw-Vi8O6wm2UXsE.css.gz: Generated files are not included
js/js_1FKQExPuxDBVCF1H8dXv0LnKYK2EOKHki35_oQra8Zw.js: Generated files are not included
js/js_DoKS_6EH6PgisOh3iCG5bFXB1ox3vdFLDxjiawuzk0s.js: Generated files are not included
js/js_1GHs_95o-l1ikqGxC2wEh6wqnaFPvXugiGaBTDc87hg.js.gz: Generated files are not included
js/js_i7UWiZltLwmdGLRFvgtpsXdxPhBU80v9TKuzzLSq9o0.js: Generated files are not included
css/css_fUUo-QX2mhI7xkQsOir68gDCpYueLbZ_7vd_FNSGRoI.css.gz: Generated files are not included
js/js_DqLvn2nxd3RQ6o-t0WTtxEohUGXojsgOaj6-BCDy-E0.js.gz: Generated files are not included
js/js_FzYSShYSx2_zl5NtXedYat3NimwykL54pbq876woyv8.js.gz: Generated files are not included
js/js_G9xchZSqRV9kEn81cpOv-UW4WKeIORtLU9V9aHOfRb0.js.gz: Generated files are not included
js/js_i7UWiZltLwmdGLRFvgtpsXdxPhBU80v9TKuzzLSq9o0.js.gz: Generated files are not included
js/js_n5p79hDf60qbaqeBl-qH2B74CIezF2MdLsorOwoaq8g.js: Generated files are not included
js/js_xBuno1kkX2nW-JFxaSMnf5l98q0KzeDYAWCF4GCkqyc.js.gz: Generated files are not included
css/css_kpvNUQoEw6TQrIDrYIbgrF3r0nyLwH53b38FqabTNck.css.gz: Generated files are not included
js/js_KzqbJsNshXy4qehpd_cpcXaljMT0G3a2tFgArwLcWVE.js.gz: Generated files are not included
styles/large/public/2025-05/unsplash_sWkkIiTJMYc.jpg.webp: Generated files are not included
css/css_cmTjKZ-uGnM7ybiol58fvrApjOUhCStQawnFlET1tLs.css: Generated files are not included
js/js_SFpKa5j2zOoOL5oXByjENr_XBDlGcBCnZ-XpDLQcvnI.js.gz: Generated files are not included
styles/large/public/2025-05/Rectangle 23820 (1).jpg.webp: Generated files are not included
styles/large/public/2025-05/unsplash_FtuJIuBbUhI.jpg.webp: Generated files are not included
css/css_Rm9EbDRWK_maSFEf75UaQxMVWT9j6EKcwSeML-ZM3AE.css.gz: Generated files are not included
js/js_1FKQExPuxDBVCF1H8dXv0LnKYK2EOKHki35_oQra8Zw.js.gz: Generated files are not included
js/js_DoKS_6EH6PgisOh3iCG5bFXB1ox3vdFLDxjiawuzk0s.js.gz: Generated files are not included
css/css_YN9gPf1X8l9ZflQ0h3H2L5_XLdvn5yNEVB6u9n_g8Hc.css.gz: Generated files are not included
js/js_CfOZsUijokOZa7QJrr2q6CVFI2sAyi5UQooXYH-5Yxs.js: Generated files are not included
js/js_QgM_riUsFiufk7pmpaPMIE83lye-oRsSDGYCMyLSVvI.js: Generated files are not included
js/js_RBQVepXJbPL5PBo8FhGL1yE825QqsrHHIgUjb0LATW0.js: Generated files are not included
js/js_B4jQctMEsxmsxFDU1m_-rZpXr2asUj1GysRbfVJu4lM.js.gz: Generated files are not included
js/js_9Y5l2kDKHK1wXo3765nenulWEnGL7MeWwv1j0npVAaw.js.gz: Generated files are not included
css/css__FCGzwk3DDCymSC_Fg2t-9v0B6vmKevifqB6kOZsHGw.css.gz: Generated files are not included
css/css_uuK1Z9l8cKVsS9S1X1XItAAZ-6o50loi4DbR7PyY8Rg.css.gz: Generated files are not included
styles/media_library/public/2025-05/unsplash_sWkkIiTJMYc.jpg.webp: Generated files are not included
css/css_ONsnmXvIggpaSFaxWkjAhul6L6VdrBTN7YJ-YPXeP_0.css: Generated files are not included
css/css_ai0XHAnmbRzgloZPg-ki8g7Uj6lgct3WSOnAZ8RC2Lw.css: Generated files are not included
css/css_hVvT20o-HQG67IZw7aJI4lYiLKzoLDSw-lf_5pfLhn0.css: Generated files are not included
css/css_nZvxWbW4cv3480eRGZ5Y9xid0crzM_rv7_JMgfexJS4.css.gz: Generated files are not included
js/js_tASnVCWit9x_Q2CEADfz7li6NlA9z9JXHqpKRp-L3U4.js: Generated files are not included
js/js_aDe_zP4XI-Y-1r5Nf7YzYQJ2q9b-MQkk1p1FA1eYSHc.js: Generated files are not included
css/css_07whOz9Qo4XNiBSwnt-cs8QrWY8Q5GPrVpTc2slosp0.css.gz: Generated files are not included
css/css_J277HntTtz0Wl5aqG7c-bVMFUduh9XIHUveIEdY8j2Q.css.gz: Generated files are not included
css/css_YxIDzAjomgAq7yyk8Ad3M_FLZnyQ32L9gBUFtJ9pPXk.css: Generated files are not included
css/css_YxIDzAjomgAq7yyk8Ad3M_FLZnyQ32L9gBUFtJ9pPXk.css.gz: Generated files are not included
js/js_wlMfyBvDsG1SDZuDhseNfmXK2fwfiHYQ6WBaHw67pY8.js.gz: Generated files are not included
js/js_C_9zsaErs1ykujqbH8ibQnePOCAOAGgnFUnxtFYk5nE.js.gz: Generated files are not included
js/js_9Qefs7mgY9R-hjb1DLM2k74a9oGyJWGXFsnXryI6zsk.js: Generated files are not included
js/js_naLS8SAMFk9XSdVG8Oybk701ZfwFyPertn_kyxhETuQ.js: Generated files are not included
css/css_rgku3qjm0Oa3OZhgHOY8M5R12wzC1wG9_fPTtbSGca8.css: Generated files are not included
js/js_EWNw6pjHsznf9319PpbxoZnxY0XENRybtwplAtheg4U.js: Generated files are not included
js/js_NBHd8Xqjxyd9g1DZEF3wWnIQsiJ8NkgRqMzawxqipIY.js.gz: Generated files are not included
css/css_XNP9KLrhBUwWNTejdcnaE-G95rYOTcqMMK8ei_wOOmc.css: Generated files are not included
js/js_wlMfyBvDsG1SDZuDhseNfmXK2fwfiHYQ6WBaHw67pY8.js: Generated files are not included
css/css_M2LPhowPT19yPF57o_uUiKx5SFJdcqSL88pmBgxViaQ.css.gz: Generated files are not included
css/css_zvgsimd6x9_UdRMzRgTJTfIk1vqaMsjjKYxOB-g5ZOY.css: Generated files are not included
styles/medium/public/2025-05/Rectangle 23820 (2).jpg.webp: Generated files are not included
css/css_XAt44qr0nVj-8fVdjE30B1Yq2fMTJ7awWBFpKPfX_n4.css: Generated files are not included
css/css_xxDOdwinyZbU5aWCmah4C6a5P-h3DT3wvd04o_DkNhc.css: Generated files are not included
css/css_IctDZUHCud-qkP7tcOmhpWISu_4-ZjQO3K94Nwo5nI8.css.gz: Generated files are not included
js/js_53e1T2WVnd_NlcPG5A7OI9M3NXjuQCH8w4sv4B4r9Pc.js: Generated files are not included
js/js_CtooP0Gr8n0aCKeYiU8Tq-izP3VOCaJHNU5x5vyLirM.js.gz: Generated files are not included
styles/medium/public/2025-05/unsplash_sWkkIiTJMYc.jpg.webp: Generated files are not included
css/css_CGQHLgqw0faWwwhLhj0cwjqfR84BFjCCBhnHLS3BVcM.css.gz: Generated files are not included
css/css_DewSxV2tmdXrIb0WrjYxTTcIaAUPQ-X2jTddVYru8AQ.css: Generated files are not included
css/css_WOyXTPqeCapQxZ9MUfTJOr3O5onn8PKi3AZWLwcp-tQ.css: Generated files are not included
js/js_jhAhf9qiHLoFKq-Uo2CzFDZZmUlYyU4vpaEBcyVujro.js.gz: Generated files are not included
css/css_CSBgVbjDiGVgw4hQBceI7P32AhS62Tn6oldlHqPS8wc.css.gz: Generated files are not included
js/js_dhM_r6-Af2fXqxfilXt9UpaHBMXz8lF8UebUTAtd49U.js: Generated files are not included
styles/media_library/public/2025-05/Group 1000004168_0.jpg.webp: Generated files are not included
js/js_1VHr0e6NBQAtHc5BteXmAj0486LYabYZKc84ib6lusM.js.gz: Generated files are not included
css/css_r1OnQ3xlS88zTyJ10WIKmtcXmmI8ibj4YWHXG_Y9aUo.css.gz: Generated files are not included
css/css_tLcBM9-NLw-DOAkDi_Dhdy4tr9R5iJ_0a7wedcHURhg.css.gz: Generated files are not included
css/css_xVbvZBOSgPmswGDmpnRqC2PCtbE06L2UBv7Ykogc2wA.css: Generated files are not included
js/js_PUxUMrHY6gPA4bm2sxmE4gde1Bnu_iD7bm-ynkZreNs.js.gz: Generated files are not included
js/js_YR7XGSifle7ZJhmbLpRHx82MBrIZh10kO5peGcexW-g.js: Generated files are not included
css/css_joOOWdaaSqawuZJdFe6sMHTWriq3xr9ShJIRkOvFhQc.css: Generated files are not included
js/js_CPYPDTVXVDtMrDX390wpr4KDMvglXD55wCoA8tq_dqs.js: Generated files are not included
js/js_CtooP0Gr8n0aCKeYiU8Tq-izP3VOCaJHNU5x5vyLirM.js: Generated files are not included
js/js_HiUBIzzKOXgKDuVca5ME99b1AEq6e7IMiIn_0UcqO4s.js: Generated files are not included
css/css_0IeDeCl4PyIafrt0RAcqu3TrYgdQfofG93hgMiAEfP0.css.gz: Generated files are not included
css/css_hVvT20o-HQG67IZw7aJI4lYiLKzoLDSw-lf_5pfLhn0.css.gz: Generated files are not included
js/js_xB25pgJxQA3pL6pBpdfs_Pbl1H_EPVhCCaxo8UdqdfA.js: Generated files are not included
js/js_Ar5VTLZFH2oEDT6_Z6eYvkCqGCukcCvHqpHO7Dt3Ubs.js.gz: Generated files are not included
css/css_hbrSzkbMQ2DuwqRLcfLAflqzQwRVgNGiHh7Rcr7JpU4.css: Generated files are not included
js/js_1DPKwMo2NbUEhOMpXFrnUuq7M_R9bWLKFwTaxzzXYAY.js: Generated files are not included
js/js_7oSyDzL-7g9qmn36YzFcYcP0cLW0CJCuaqtZXF6b4v0.js: Generated files are not included
styles/large/public/2025-05/imgbin_afed1fe8756a4683487f54b2aa8fe52d 1.jpg.webp: Generated files are not included
js/js_G9xchZSqRV9kEn81cpOv-UW4WKeIORtLU9V9aHOfRb0.js: Generated files are not included
js/js_VfrT3UI8eBSpayQLMoXvU9R5kB2ssP0LLTPS0-OC2LY.js.gz: Generated files are not included
js/js_WNywjlxpzH9WtPmapOr9DkhoVmwMwI0VBhWgj0hHlo8.js.gz: Generated files are not included
js/js_CPYPDTVXVDtMrDX390wpr4KDMvglXD55wCoA8tq_dqs.js.gz: Generated files are not included
css/css_nZvxWbW4cv3480eRGZ5Y9xid0crzM_rv7_JMgfexJS4.css: Generated files are not included
js/js_faLHspqW-kbAvQtIOVhNdWI1nR36zyid-3Try2ooO2c.js.gz: Generated files are not included
js/js_ziRUp2Ebim8Y66hRvasYZnq8GmJA2DERdt7uEXElt0Y.js.gz: Generated files are not included
css/css_H_HS9g8Cm_3en8iGrKFaw3S4J4W9VYlmTA_yw_BjxK8.css.gz: Generated files are not included
css/css_N23f4LgEVJ70SAvvQwLNZWJQblSZJgkah-qaeON44aA.css: Generated files are not included
css/css_eYV8K57fprZDcsde6IOE24n0qHnKXBe_tO9I3EAqTkE.css.gz: Generated files are not included
js/js_Ev3yiuaCWFrKNX648VL8hBd24oJaQHK5Kydj-RQdBNw.js: Generated files are not included
css/css_uu-boOQE7ZYmYwKxM_aqljeDncUu2mPwQ0J1HilfPW8.css.gz: Generated files are not included
css/css_34c1yTgzNh2G6fi8jduF9BegoO9dPmzTXEkHsh_yBJ8.css: Generated files are not included
css/css_gxInxW48QozkkNz-wpBLiPtCyehVSu7iohf5rWUsn20.css.gz: Generated files are not included
css/css_mxZRRgnLYsmwFzwaEGyXTT-JRNtoPq8syLVIZLlNXVk.css.gz: Generated files are not included
css/css_0IeDeCl4PyIafrt0RAcqu3TrYgdQfofG93hgMiAEfP0.css: Generated files are not included
js/js_VWsAA8JI170xYviGXt-VINaoanc3vaIbAdAF7upMeJU.js: Generated files are not included
js/js_3vzdTQ-KI7pis4R0z5uq5_nxCAzkitoyWceXqnZo-rM.js.gz: Generated files are not included
styles/large/public/2025-05/Group 1000004168_0.jpg.webp: Generated files are not included
js/js_Q-YfQ0YVFWB-CPJ9EigpY4WUacUI1VD0ng9rxqrdxOQ.js.gz: Generated files are not included
js/js_m7ws1jVI2q0kQfbNjs8OIT-0f12xXRpcghWoFtvG-1k.js.gz: Generated files are not included
styles/thumbnail/public/2025-05/Group 1000004168.jpg.webp: Generated files are not included
css/css_M7xcMpNuT5qooAofaGWg3OJ3pmNnVGcf_gpxE89DjUw.css.gz: Generated files are not included
js/js_yk0z-wcp-tGWMvYzw-AIbjJpTRXv2qyjqf525MTA_XA.js.gz: Generated files are not included
css/css_DUJWrb3uXcdxPVLzozOFK9TPXB8fw3UMWn79Yv4jWBc.css.gz: Generated files are not included
js/js_xB25pgJxQA3pL6pBpdfs_Pbl1H_EPVhCCaxo8UdqdfA.js.gz: Generated files are not included
styles/media_library/public/2025-05/imgbin_bf15958b2578e8f2abaf86d73287098b 1.jpg.webp: Generated files are not included
css/css_YpW_qaoeJCicqZ3AtweTI0e3b1GUUg_7plikmTLmTng.css.gz: Generated files are not included
css/css_CGyCVdoQgOITsb6vkU8M-xQ9XqNcP2zvI0qliWZjZQg.css.gz: Generated files are not included
css/css_-KZmDP5JSoZNF5n35NLPXIdDcg3d8vEk5Glm-OZGXLo.css: Generated files are not included
css/css_hp6IveAp0PLgiAoSWv9LucwQ2GocjkkVWOrUhk9aDfg.css: Generated files are not included
js/js_QH6Q6hVCfER3dPZAmO0S3NqVPnIRxppV5-dJ3bd862Y.js: Generated files are not included
js/js_Tnc6m7XYHvSaWwb6OyRWny7t_emPILZfL_8J4S1_830.js.gz: Generated files are not included
css/css_M7xcMpNuT5qooAofaGWg3OJ3pmNnVGcf_gpxE89DjUw.css: Generated files are not included
js/js_ZhI1F05spiSJL79AtHKlSAUY4G8qXUCqgUe5F2BmCN0.js: Generated files are not included
js/js_65mIiCJbGpOf5Nho3gUprnNBXceTY_4tx7WW_OkEguw.js.gz: Generated files are not included
js/js_fck4rPvnUAXbvnUHkNFtydD_VOsa_Y0kUbaukZyiKTQ.js.gz: Generated files are not included
css/css_fuuERZUc8ehajHXt5lkyl8GuUtbwSmsYCuulZdyw3Hk.css: Generated files are not included
css/css_rOKa2-WsNWd1cZxYaX1ha9eK6oOXBcYIRYTD2ZFjkLQ.css.gz: Generated files are not included
css/css_QNojn-SG3rzdM8Z4Dkg0dE1ey9yYSv2FnVaB5Cl48jA.css: Generated files are not included
css/css__FCGzwk3DDCymSC_Fg2t-9v0B6vmKevifqB6kOZsHGw.css: Generated files are not included
js/js_XhYRaDmz6F8KeNMGtXkIIdV3a0EhUDyzfLt4yy2Ddkg.js.gz: Generated files are not included
js/js_yHsEHVT-9l5Z7m077S3rbp_XQRxll_FvTSGeEtfW-bQ.js.gz: Generated files are not included
js/js_zaRLZstoXEKqU0yPtwQiXBt4XeG0FcQoO5VmG6ZEHq0.js.gz: Generated files are not included
css/css_eYV8K57fprZDcsde6IOE24n0qHnKXBe_tO9I3EAqTkE.css: Generated files are not included
styles/large/public/2025-05/imgbin_bf15958b2578e8f2abaf86d73287098b 1.jpg.webp: Generated files are not included
css/css_IctDZUHCud-qkP7tcOmhpWISu_4-ZjQO3K94Nwo5nI8.css: Generated files are not included
css/css_mUQv-yX6LFYzv_gwWinuu7Wmg_O3rK2dIX35zjIvVVc.css: Generated files are not included
js/js_ug0wwKfOwna4QmABuuwHoHrx8DQ3nZhmO5p9THHB1iw.js: Generated files are not included
css/css_HsZKiwl4ZFgzk8HLEYYWWYHRpwc5q4DxNAQZvo8aLCw.css.gz: Generated files are not included
css/css_p5DggWu-xlwGs_GQlfrGpxqq2z_lyf4AxmQT8hSoLyI.css.gz: Generated files are not included
js/js_3vzdTQ-KI7pis4R0z5uq5_nxCAzkitoyWceXqnZo-rM.js: Generated files are not included
css/css_LMQS8mzgxKOCovkuKwEowZU5z08JjdLoCbD1D_xLayE.css: Generated files are not included
js/js_K7BUaGoH4KiXWJ41iV8hV54_uig2KHQmQOsLDBd2-Jw.js.gz: Generated files are not included
js/js_P1MLhZmEVeeYuyfRv5pmBjIRWxOjda3VE5ex31xijqs.js: Generated files are not included
css/css_oqDwrLSWRxpU9p0vxAjFAIv5L96q9t9Sulehf_HIB9Q.css.gz: Generated files are not included
css/css_qWEStt3lbNKLMcu1oKxzr_vYpXqfmRkWuG4wJuLKDVE.css: Generated files are not included
css/css_dKoPTHWpxKKpgs3Q0w928K24lGTXz0G-XDtOee7FT2E.css.gz: Generated files are not included
css/css_hbrSzkbMQ2DuwqRLcfLAflqzQwRVgNGiHh7Rcr7JpU4.css.gz: Generated files are not included
js/js_QH6Q6hVCfER3dPZAmO0S3NqVPnIRxppV5-dJ3bd862Y.js.gz: Generated files are not included
css/css_8Q3OWxhCTF9hK0gV85ydrmuV47e5gAMgddxryexQGgg.css: Generated files are not included
js/js_Z7EYN3iNM9hu7BcXTe4KfsprkxRJmJ64LHOycPF8x7s.js.gz: Generated files are not included
css/css_Gpc_FFUy1tFFFl-qcB5FK8W7B3Or1g59yKQlqFqquq4.css.gz: Generated files are not included
js/js_HiUBIzzKOXgKDuVca5ME99b1AEq6e7IMiIn_0UcqO4s.js.gz: Generated files are not included
css/css_Gpc_FFUy1tFFFl-qcB5FK8W7B3Or1g59yKQlqFqquq4.css: Generated files are not included
js/js_e8DlNUedNdnigT6T_HaMJghvrdV-T0G6L7PC9ETMF9g.js: Generated files are not included
css/css_M2LPhowPT19yPF57o_uUiKx5SFJdcqSL88pmBgxViaQ.css: Generated files are not included
css/css_uuK1Z9l8cKVsS9S1X1XItAAZ-6o50loi4DbR7PyY8Rg.css: Generated files are not included
css/css_N93RQyxInnJaVmVzIHIEcJsC19uzY9EPvWR-4Enj3bo.css.gz: Generated files are not included
js/js_J5N8zrT5noslKrEgtZvbaPU8hSXbq7sHcDEmuV0JZLU.js: Generated files are not included
js/js_TH8ObqcWYlkzlzv8Eiiv76mF4P1fYb73RxaztEtyPvg.js: Generated files are not included
css/css_ltcE4IdbqirjV7Za8_kYaMwejxW0xdzMrrFpZMnpte8.css.gz: Generated files are not included
js/js_1VHr0e6NBQAtHc5BteXmAj0486LYabYZKc84ib6lusM.js: Generated files are not included
js/js_7oSyDzL-7g9qmn36YzFcYcP0cLW0CJCuaqtZXF6b4v0.js.gz: Generated files are not included
js/js_JTIGhN5w2IjdTLy0gE37VCrgs93Y0U6eOk-Ia77E_XI.js: Generated files are not included
css/css_vM46JrGQxSQ4vQ6rh-pnuJ7LmZ4PMjkO-dSQWy2m05k.css.gz: Generated files are not included
styles/medium/public/2025-05/imgbin_0fa4253991eb304851f93a2557e9e4c9 1.jpg.webp: Generated files are not included
css/css_ABhse9frydFW4Cp1IL_kw9Ts71e1AI1j5kldn8y2NHI.css.gz: Generated files are not included
css/css_HD5bXH-oWy61RP5zGPT4XFiQ5Cq5gapYiB2BVuPhCU4.css.gz: Generated files are not included
css/css_H_HS9g8Cm_3en8iGrKFaw3S4J4W9VYlmTA_yw_BjxK8.css: Generated files are not included
js/js_dkxmUlsoDayM9QniiBPVGvSErDeGfDxCyFMvl6gFOpM.js: Generated files are not included
css/css_GJ3fxFP3H8oK7b6dyHxYP7foGSBrMeVchP9GnKE54aY.css: Generated files are not included
js/js_FFnHGN7RX4Hl94j5teNZGHNVLJjAbRhIOb9nXbu6iRc.js.gz: Generated files are not included
css/css_rjDs0CyCTH8VCLRBzNKZv1rNwvfjHCYMp1onDTz0c2k.css.gz: Generated files are not included
js/js_iSwHTDj32arqEeIx8dW0Xi5jeWd3FEHZpVPugTOGEc0.js: Generated files are not included
css/css_kpvNUQoEw6TQrIDrYIbgrF3r0nyLwH53b38FqabTNck.css: Generated files are not included
js/js_wdkS6Y1WoNIX9OOtKLES2BcAe7jY0Yiv3SZQ5i4mD84.js.gz: Generated files are not included
css/css_UQ08LiKCmxpPRe_REefACxdDg1guRrQantUufF5YpeM.css.gz: Generated files are not included
js/js_m6zs6-RSjH3v9lJkmVQgtvaTFhwKHf_9KeZK-nMm8i8.js: Generated files are not included
css/css_d3UfY8wyizgZvStdaaaBypRGF31JXW9ebTNgPBimLds.css: Generated files are not included
js/js_l2KYxFdh9MddYcuiqLu_AgJnHp42cEi9gJTz9e2QO3s.js: Generated files are not included
css/css_5iPrjiIj9nd5xrdOAUaASIPTTJr4szn6Hsiulvc8sbc.css: Generated files are not included
css/css_H1GRi6-HrYW7zUKNH03U6peSjKBRbb--tszJzFIMWFk.css.gz: Generated files are not included
css/css_dKoPTHWpxKKpgs3Q0w928K24lGTXz0G-XDtOee7FT2E.css: Generated files are not included
js/js_m6zs6-RSjH3v9lJkmVQgtvaTFhwKHf_9KeZK-nMm8i8.js.gz: Generated files are not included
js/js_VfrT3UI8eBSpayQLMoXvU9R5kB2ssP0LLTPS0-OC2LY.js: Generated files are not included
js/js_dlLVweIdABCHG2BdsP7r_L1GIO7ZW1nH66wPi57FG6A.js.gz: Generated files are not included
styles/medium/public/2025-05/Group 1000004168.jpg.webp: Generated files are not included
css/css_ZJf3Q2qa--r8jgmRo3-Hk7iWtM_Fs1Z7Lnchq2EZWak.css: Generated files are not included
css/css_YPLXjvTiKmj2WPfYka8Ph_PBMmGBCqPMmu_lS5COKIc.css.gz: Generated files are not included
css/css_eIurvB3LfdT6fZS53De_Pv1u5a5XGbfKJn_5d3gdKTU.css.gz: Generated files are not included
css/css_4KLaCvtyIyWXkoY4VnQF6piye9prfaMEmLJyaKTqsd8.css: Generated files are not included
css/css_a-kqtudoSIJ6Sm6P5mFb7_qMnDmfmmM-_Cm7qNQlbKY.css: Generated files are not included
css/css_-KZmDP5JSoZNF5n35NLPXIdDcg3d8vEk5Glm-OZGXLo.css.gz: Generated files are not included
css/css_3LVjbpFQqltnPApXGr1ZHJKyqMS12TwiAYAvUgLeQEc.css.gz: Generated files are not included
css/css_joOOWdaaSqawuZJdFe6sMHTWriq3xr9ShJIRkOvFhQc.css.gz: Generated files are not included
js/js_PUxUMrHY6gPA4bm2sxmE4gde1Bnu_iD7bm-ynkZreNs.js: Generated files are not included
css/css_HsZKiwl4ZFgzk8HLEYYWWYHRpwc5q4DxNAQZvo8aLCw.css: Generated files are not included
styles/medium/public/2025-05/imgbin_66b017a96c6e297584d97c4f497b2cc2 1.jpg.webp: Generated files are not included

If you need immediate access to the files listed here, or have questions about
the state of your files, you can contact support via your Dashboard.

